Last run: Sun Feb  9 18:12:42 UTC 2025
Last run: Mon Feb 10 04:38:37 UTC 2025
Last run: Tue Feb 11 04:34:17 UTC 2025
Last run: Wed Feb 12 04:36:30 UTC 2025
Last run: Thu Feb 13 04:36:16 UTC 2025
Last run: Fri Feb 14 04:34:21 UTC 2025
Last run: Sat Feb 15 04:38:55 UTC 2025
Last run: Sun Feb 16 04:32:23 UTC 2025
Last run: Mon Feb 17 04:36:27 UTC 2025
Last run: Tue Feb 18 04:34:42 UTC 2025
Last run: Wed Feb 19 04:38:51 UTC 2025
Last run: Thu Feb 20 04:35:20 UTC 2025
Last run: Fri Feb 21 04:40:23 UTC 2025
Last run: Sat Feb 22 04:38:02 UTC 2025
Last run: Sun Feb 23 04:38:42 UTC 2025
Last run: Mon Feb 24 04:36:26 UTC 2025
Last run: Tue Feb 25 04:36:26 UTC 2025
Last run: Wed Feb 26 04:40:27 UTC 2025
Last run: Thu Feb 27 04:10:11 UTC 2025
Last run: Fri Feb 28 04:10:34 UTC 2025
Last run: Sat Mar  1 04:09:29 UTC 2025
Last run: Sun Mar  2 04:09:23 UTC 2025
Last run: Mon Mar  3 04:11:12 UTC 2025
Last run: Tue Mar  4 04:10:17 UTC 2025
Last run: Wed Mar  5 04:10:17 UTC 2025
Last run: Thu Mar  6 04:10:22 UTC 2025
Last run: Fri Mar  7 04:10:19 UTC 2025
Last run: Sat Mar  8 04:07:57 UTC 2025
Last run: Sun Mar  9 04:07:34 UTC 2025
Last run: Mon Mar 10 04:08:37 UTC 2025
Last run: Tue Mar 11 04:10:15 UTC 2025
Last run: Wed Mar 12 04:10:14 UTC 2025
Last run: Thu Mar 13 04:10:19 UTC 2025
Last run: Fri Mar 14 04:10:03 UTC 2025
Last run: Sat Mar 15 04:09:20 UTC 2025
Last run: Sun Mar 16 04:09:19 UTC 2025
Last run: Mon Mar 17 04:10:21 UTC 2025
Last run: Tue Mar 18 04:10:29 UTC 2025
Last run: Wed Mar 19 04:10:05 UTC 2025
Last run: Thu Mar 20 04:10:20 UTC 2025
Last run: Fri Mar 21 04:10:07 UTC 2025
Last run: Sat Mar 22 04:09:22 UTC 2025
Last run: Sun Mar 23 04:09:33 UTC 2025
Last run: Mon Mar 24 04:10:47 UTC 2025
Last run: Tue Mar 25 04:10:15 UTC 2025
Last run: Wed Mar 26 04:10:13 UTC 2025
Last run: Thu Mar 27 04:10:22 UTC 2025
Last run: Fri Mar 28 04:10:16 UTC 2025
Last run: Sat Mar 29 04:10:09 UTC 2025
Last run: Sun Mar 30 04:09:34 UTC 2025
Last run: Mon Mar 31 04:10:51 UTC 2025
Last run: Tue Apr  1 04:11:57 UTC 2025
Last run: Wed Apr  2 04:10:27 UTC 2025
Last run: Thu Apr  3 04:10:39 UTC 2025
Last run: Fri Apr  4 04:10:19 UTC 2025
Last run: Sat Apr  5 04:10:03 UTC 2025
Last run: Sun Apr  6 04:09:59 UTC 2025
Last run: Mon Apr  7 04:10:47 UTC 2025
Last run: Tue Apr  8 04:10:25 UTC 2025
Last run: Wed Apr  9 04:10:45 UTC 2025
Last run: Thu Apr 10 04:11:09 UTC 2025
Last run: Fri Apr 11 04:10:21 UTC 2025
Last run: Sat Apr 12 04:10:03 UTC 2025
Last run: Sun Apr 13 04:42:28 UTC 2025
Last run: Mon Apr 14 04:10:54 UTC 2025
Last run: Tue Apr 15 04:10:32 UTC 2025
Last run: Wed Apr 16 04:10:34 UTC 2025
Last run: Thu Apr 17 04:10:52 UTC 2025
Last run: Fri Apr 18 04:10:31 UTC 2025
Last run: Sat Apr 19 04:09:49 UTC 2025
Last run: Sun Apr 20 04:09:55 UTC 2025
Last run: Mon Apr 21 04:11:59 UTC 2025
Last run: Tue Apr 22 04:10:32 UTC 2025
Last run: Wed Apr 23 04:11:02 UTC 2025
Last run: Thu Apr 24 04:10:58 UTC 2025
Last run: Fri Apr 25 04:10:44 UTC 2025
Last run: Sat Apr 26 04:09:52 UTC 2025
Last run: Sun Apr 27 04:10:09 UTC 2025
Last run: Mon Apr 28 04:12:02 UTC 2025
Last run: Tue Apr 29 04:10:31 UTC 2025
Last run: Wed Apr 30 04:10:49 UTC 2025
Last run: Thu May  1 04:14:27 UTC 2025
Last run: Fri May  2 04:10:53 UTC 2025
Last run: Sat May  3 04:10:08 UTC 2025
Last run: Sun May  4 04:12:36 UTC 2025
Last run: Mon May  5 04:12:44 UTC 2025
Last run: Tue May  6 04:11:22 UTC 2025
Last run: Wed May  7 04:11:40 UTC 2025
Last run: Thu May  8 04:12:40 UTC 2025
Last run: Fri May  9 04:11:57 UTC 2025
Last run: Sat May 10 04:09:51 UTC 2025
